2025-12-24T01:20:27.372+01:00  INFO 3680 --- [hangman-service] [main] com.hangman.HangmanServiceApplication    : Starting HangmanServiceApplication v1.0.0 using Java 17.0.12 with PID 3680 (C:\Users\lapil\Studium\SWL\Hangman_v1\02_011847\backend\hangman-service-1.0.0.jar started by lapil in C:\Users\lapil\Studium\SWL\Hangman_v1\02_011847\backend)
2025-12-24T01:20:27.374+01:00 DEBUG 3680 --- [hangman-service] [main] com.hangman.HangmanServiceApplication    : Running with Spring Boot v3.2.0, Spring v6.1.1
2025-12-24T01:20:27.375+01:00  INFO 3680 --- [hangman-service] [main] com.hangman.HangmanServiceApplication    : No active profile set, falling back to 1 default profile: "default"
2025-12-24T01:20:27.830+01:00  INFO 3680 --- [hangman-service] [main] .s.d.r.c.RepositoryConfigurationDelegate : Bootstrapping Spring Data JPA repositories in DEFAULT mode.
2025-12-24T01:20:27.869+01:00  INFO 3680 --- [hangman-service] [main] .s.d.r.c.RepositoryConfigurationDelegate : Finished Spring Data repository scanning in 30 ms. Found 1 JPA repository interface.
2025-12-24T01:20:28.272+01:00  INFO 3680 --- [hangman-service] [main] o.s.b.w.embedded.tomcat.TomcatWebServer  : Tomcat initialized with port 8080 (http)
2025-12-24T01:20:28.278+01:00  INFO 3680 --- [hangman-service] [main] o.apache.catalina.core.StandardService   : Starting service [Tomcat]
2025-12-24T01:20:28.278+01:00  INFO 3680 --- [hangman-service] [main] o.apache.catalina.core.StandardEngine    : Starting Servlet engine: [Apache Tomcat/10.1.16]
2025-12-24T01:20:28.310+01:00  INFO 3680 --- [hangman-service] [main] o.a.c.c.C.[Tomcat].[localhost].[/]       : Initializing Spring embedded WebApplicationContext
2025-12-24T01:20:28.310+01:00  INFO 3680 --- [hangman-service] [main] w.s.c.ServletWebServerApplicationContext : Root WebApplicationContext: initialization completed in 887 ms
2025-12-24T01:20:28.331+01:00  INFO 3680 --- [hangman-service] [main] com.zaxxer.hikari.HikariDataSource       : HikariPool-1 - Starting...
2025-12-24T01:20:28.469+01:00  INFO 3680 --- [hangman-service] [main] com.zaxxer.hikari.pool.HikariPool        : HikariPool-1 - Added connection conn0: url=jdbc:h2:mem:hangmandb user=SA
2025-12-24T01:20:28.474+01:00  INFO 3680 --- [hangman-service] [main] com.zaxxer.hikari.HikariDataSource       : HikariPool-1 - Start completed.
2025-12-24T01:20:28.480+01:00  INFO 3680 --- [hangman-service] [main] o.s.b.a.h2.H2ConsoleAutoConfiguration    : H2 console available at '/h2-console'. Database available at 'jdbc:h2:mem:hangmandb'
2025-12-24T01:20:28.577+01:00  INFO 3680 --- [hangman-service] [main] o.hibernate.jpa.internal.util.LogHelper  : HHH000204: Processing PersistenceUnitInfo [name: default]
2025-12-24T01:20:28.632+01:00  INFO 3680 --- [hangman-service] [main] org.hibernate.Version                    : HHH000412: Hibernate ORM core version 6.3.1.Final
2025-12-24T01:20:28.670+01:00  INFO 3680 --- [hangman-service] [main] o.h.c.internal.RegionFactoryInitiator    : HHH000026: Second-level cache disabled
2025-12-24T01:20:28.892+01:00  INFO 3680 --- [hangman-service] [main] o.s.o.j.p.SpringPersistenceUnitInfo      : No LoadTimeWeaver setup: ignoring JPA class transformer
2025-12-24T01:20:28.927+01:00  WARN 3680 --- [hangman-service] [main] org.hibernate.orm.deprecation            : HHH90000025: H2Dialect does not need to be specified explicitly using 'hibernate.dialect' (remove the property setting and it will be selected by default)
2025-12-24T01:20:29.491+01:00  INFO 3680 --- [hangman-service] [main] o.h.e.t.j.p.i.JtaPlatformInitiator       : HHH000489: No JTA platform available (set 'hibernate.transaction.jta.platform' to enable JTA platform integration)
2025-12-24T01:20:29.519+01:00  INFO 3680 --- [hangman-service] [main] j.LocalContainerEntityManagerFactoryBean : Initialized JPA EntityManagerFactory for persistence unit 'default'
2025-12-24T01:20:29.738+01:00  WARN 3680 --- [hangman-service] [main] JpaBaseConfiguration$JpaWebConfiguration : spring.jpa.open-in-view is enabled by default. Therefore, database queries may be performed during view rendering. Explicitly configure spring.jpa.open-in-view to disable this warning
2025-12-24T01:20:30.239+01:00  INFO 3680 --- [hangman-service] [main] o.s.b.w.embedded.tomcat.TomcatWebServer  : Tomcat started on port 8080 (http) with context path ''
2025-12-24T01:20:30.263+01:00  INFO 3680 --- [hangman-service] [main] com.hangman.HangmanServiceApplication    : Started HangmanServiceApplication in 3.301 seconds (process running for 3.683)
2025-12-24T01:20:37.439+01:00  INFO 3680 --- [hangman-service] [http-nio-8080-exec-1] o.a.c.c.C.[Tomcat].[localhost].[/]       : Initializing Spring DispatcherServlet 'dispatcherServlet'
2025-12-24T01:20:37.440+01:00  INFO 3680 --- [hangman-service] [http-nio-8080-exec-1] o.s.web.servlet.DispatcherServlet        : Initializing Servlet 'dispatcherServlet'
2025-12-24T01:20:37.441+01:00  INFO 3680 --- [hangman-service] [http-nio-8080-exec-1] o.s.web.servlet.DispatcherServlet        : Completed initialization in 1 ms
2025-12-24T01:20:37.549+01:00  INFO 3680 --- [hangman-service] [http-nio-8080-exec-1] com.hangman.service.HangmanService       : Starting new Hangman game with max attempts: 15
2025-12-24T01:20:37.610+01:00  INFO 3680 --- [hangman-service] [http-nio-8080-exec-1] com.hangman.service.HangmanService       : Game created with ID: 0bcfe147-2487-4f0e-87ed-4ef7193f7625, Word: ALPHABET, Max Attempts: 15
2025-12-24T01:20:42.288+01:00  INFO 3680 --- [hangman-service] [http-nio-8080-exec-2] c.hangman.controller.HangmanController   : Received guess request - gameId: 0bcfe147-2487-4f0e-87ed-4ef7193f7625, letter: A
2025-12-24T01:20:42.288+01:00  INFO 3680 --- [hangman-service] [http-nio-8080-exec-2] com.hangman.service.HangmanService       : Processing guess for game 0bcfe147-2487-4f0e-87ed-4ef7193f7625: A
2025-12-24T01:20:42.296+01:00  INFO 3680 --- [hangman-service] [http-nio-8080-exec-2] com.hangman.service.HangmanService       : Guess result for game 0bcfe147-2487-4f0e-87ed-4ef7193f7625: correct=true, gameOver=false, message=Correct guess!
2025-12-24T01:20:42.739+01:00  INFO 3680 --- [hangman-service] [http-nio-8080-exec-3] c.hangman.controller.HangmanController   : Received guess request - gameId: 0bcfe147-2487-4f0e-87ed-4ef7193f7625, letter: C
2025-12-24T01:20:42.740+01:00  INFO 3680 --- [hangman-service] [http-nio-8080-exec-3] com.hangman.service.HangmanService       : Processing guess for game 0bcfe147-2487-4f0e-87ed-4ef7193f7625: C
2025-12-24T01:20:42.742+01:00  INFO 3680 --- [hangman-service] [http-nio-8080-exec-3] com.hangman.service.HangmanService       : Guess result for game 0bcfe147-2487-4f0e-87ed-4ef7193f7625: correct=false, gameOver=false, message=Wrong guess. Try again!
2025-12-24T01:20:43.772+01:00  INFO 3680 --- [hangman-service] [http-nio-8080-exec-4] c.hangman.controller.HangmanController   : Received guess request - gameId: 0bcfe147-2487-4f0e-87ed-4ef7193f7625, letter: Q
2025-12-24T01:20:43.772+01:00  INFO 3680 --- [hangman-service] [http-nio-8080-exec-4] com.hangman.service.HangmanService       : Processing guess for game 0bcfe147-2487-4f0e-87ed-4ef7193f7625: Q
2025-12-24T01:20:43.774+01:00  INFO 3680 --- [hangman-service] [http-nio-8080-exec-4] com.hangman.service.HangmanService       : Guess result for game 0bcfe147-2487-4f0e-87ed-4ef7193f7625: correct=false, gameOver=false, message=Wrong guess. Try again!
2025-12-24T01:20:45.024+01:00  INFO 3680 --- [hangman-service] [http-nio-8080-exec-5] c.hangman.controller.HangmanController   : Received guess request - gameId: 0bcfe147-2487-4f0e-87ed-4ef7193f7625, letter: V
2025-12-24T01:20:45.025+01:00  INFO 3680 --- [hangman-service] [http-nio-8080-exec-5] com.hangman.service.HangmanService       : Processing guess for game 0bcfe147-2487-4f0e-87ed-4ef7193f7625: V
2025-12-24T01:20:45.026+01:00  INFO 3680 --- [hangman-service] [http-nio-8080-exec-5] com.hangman.service.HangmanService       : Guess result for game 0bcfe147-2487-4f0e-87ed-4ef7193f7625: correct=false, gameOver=false, message=Wrong guess. Try again!
2025-12-24T01:20:45.611+01:00  INFO 3680 --- [hangman-service] [http-nio-8080-exec-6] c.hangman.controller.HangmanController   : Received guess request - gameId: 0bcfe147-2487-4f0e-87ed-4ef7193f7625, letter: W
2025-12-24T01:20:45.612+01:00  INFO 3680 --- [hangman-service] [http-nio-8080-exec-6] com.hangman.service.HangmanService       : Processing guess for game 0bcfe147-2487-4f0e-87ed-4ef7193f7625: W
2025-12-24T01:20:45.613+01:00  INFO 3680 --- [hangman-service] [http-nio-8080-exec-6] com.hangman.service.HangmanService       : Guess result for game 0bcfe147-2487-4f0e-87ed-4ef7193f7625: correct=false, gameOver=false, message=Wrong guess. Try again!
2025-12-24T01:20:46.012+01:00  INFO 3680 --- [hangman-service] [http-nio-8080-exec-7] c.hangman.controller.HangmanController   : Received guess request - gameId: 0bcfe147-2487-4f0e-87ed-4ef7193f7625, letter: X
2025-12-24T01:20:46.013+01:00  INFO 3680 --- [hangman-service] [http-nio-8080-exec-7] com.hangman.service.HangmanService       : Processing guess for game 0bcfe147-2487-4f0e-87ed-4ef7193f7625: X
2025-12-24T01:20:46.014+01:00  INFO 3680 --- [hangman-service] [http-nio-8080-exec-7] com.hangman.service.HangmanService       : Guess result for game 0bcfe147-2487-4f0e-87ed-4ef7193f7625: correct=false, gameOver=false, message=Wrong guess. Try again!
2025-12-24T01:20:46.402+01:00  INFO 3680 --- [hangman-service] [http-nio-8080-exec-8] c.hangman.controller.HangmanController   : Received guess request - gameId: 0bcfe147-2487-4f0e-87ed-4ef7193f7625, letter: Y
2025-12-24T01:20:46.403+01:00  INFO 3680 --- [hangman-service] [http-nio-8080-exec-8] com.hangman.service.HangmanService       : Processing guess for game 0bcfe147-2487-4f0e-87ed-4ef7193f7625: Y
2025-12-24T01:20:46.404+01:00  INFO 3680 --- [hangman-service] [http-nio-8080-exec-8] com.hangman.service.HangmanService       : Guess result for game 0bcfe147-2487-4f0e-87ed-4ef7193f7625: correct=false, gameOver=false, message=Wrong guess. Try again!
2025-12-24T01:20:46.598+01:00  INFO 3680 --- [hangman-service] [http-nio-8080-exec-9] c.hangman.controller.HangmanController   : Received guess request - gameId: 0bcfe147-2487-4f0e-87ed-4ef7193f7625, letter: Z
2025-12-24T01:20:46.598+01:00  INFO 3680 --- [hangman-service] [http-nio-8080-exec-9] com.hangman.service.HangmanService       : Processing guess for game 0bcfe147-2487-4f0e-87ed-4ef7193f7625: Z
2025-12-24T01:20:46.600+01:00  INFO 3680 --- [hangman-service] [http-nio-8080-exec-9] com.hangman.service.HangmanService       : Guess result for game 0bcfe147-2487-4f0e-87ed-4ef7193f7625: correct=false, gameOver=false, message=Wrong guess. Try again!
2025-12-24T01:20:47.895+01:00  INFO 3680 --- [hangman-service] [http-nio-8080-exec-10] c.hangman.controller.HangmanController   : Received guess request - gameId: 0bcfe147-2487-4f0e-87ed-4ef7193f7625, letter: H
2025-12-24T01:20:47.896+01:00  INFO 3680 --- [hangman-service] [http-nio-8080-exec-10] com.hangman.service.HangmanService       : Processing guess for game 0bcfe147-2487-4f0e-87ed-4ef7193f7625: H
2025-12-24T01:20:47.898+01:00  INFO 3680 --- [hangman-service] [http-nio-8080-exec-10] com.hangman.service.HangmanService       : Guess result for game 0bcfe147-2487-4f0e-87ed-4ef7193f7625: correct=true, gameOver=false, message=Correct guess!
2025-12-24T01:20:48.298+01:00  INFO 3680 --- [hangman-service] [http-nio-8080-exec-1] c.hangman.controller.HangmanController   : Received guess request - gameId: 0bcfe147-2487-4f0e-87ed-4ef7193f7625, letter: G
2025-12-24T01:20:48.298+01:00  INFO 3680 --- [hangman-service] [http-nio-8080-exec-1] com.hangman.service.HangmanService       : Processing guess for game 0bcfe147-2487-4f0e-87ed-4ef7193f7625: G
2025-12-24T01:20:48.299+01:00  INFO 3680 --- [hangman-service] [http-nio-8080-exec-1] com.hangman.service.HangmanService       : Guess result for game 0bcfe147-2487-4f0e-87ed-4ef7193f7625: correct=false, gameOver=false, message=Wrong guess. Try again!
2025-12-24T01:20:49.477+01:00  INFO 3680 --- [hangman-service] [http-nio-8080-exec-2] c.hangman.controller.HangmanController   : Received guess request - gameId: 0bcfe147-2487-4f0e-87ed-4ef7193f7625, letter: M
2025-12-24T01:20:49.477+01:00  INFO 3680 --- [hangman-service] [http-nio-8080-exec-2] com.hangman.service.HangmanService       : Processing guess for game 0bcfe147-2487-4f0e-87ed-4ef7193f7625: M
2025-12-24T01:20:49.478+01:00  INFO 3680 --- [hangman-service] [http-nio-8080-exec-2] com.hangman.service.HangmanService       : Guess result for game 0bcfe147-2487-4f0e-87ed-4ef7193f7625: correct=false, gameOver=false, message=Wrong guess. Try again!
2025-12-24T01:20:50.019+01:00  INFO 3680 --- [hangman-service] [http-nio-8080-exec-3] c.hangman.controller.HangmanController   : Received guess request - gameId: 0bcfe147-2487-4f0e-87ed-4ef7193f7625, letter: L
2025-12-24T01:20:50.020+01:00  INFO 3680 --- [hangman-service] [http-nio-8080-exec-3] com.hangman.service.HangmanService       : Processing guess for game 0bcfe147-2487-4f0e-87ed-4ef7193f7625: L
2025-12-24T01:20:50.021+01:00  INFO 3680 --- [hangman-service] [http-nio-8080-exec-3] com.hangman.service.HangmanService       : Guess result for game 0bcfe147-2487-4f0e-87ed-4ef7193f7625: correct=true, gameOver=false, message=Correct guess!
2025-12-24T01:20:50.342+01:00  INFO 3680 --- [hangman-service] [http-nio-8080-exec-4] c.hangman.controller.HangmanController   : Received guess request - gameId: 0bcfe147-2487-4f0e-87ed-4ef7193f7625, letter: K
2025-12-24T01:20:50.343+01:00  INFO 3680 --- [hangman-service] [http-nio-8080-exec-4] com.hangman.service.HangmanService       : Processing guess for game 0bcfe147-2487-4f0e-87ed-4ef7193f7625: K
2025-12-24T01:20:50.344+01:00  INFO 3680 --- [hangman-service] [http-nio-8080-exec-4] com.hangman.service.HangmanService       : Guess result for game 0bcfe147-2487-4f0e-87ed-4ef7193f7625: correct=false, gameOver=false, message=Wrong guess. Try again!
2025-12-24T01:20:50.680+01:00  INFO 3680 --- [hangman-service] [http-nio-8080-exec-5] c.hangman.controller.HangmanController   : Received guess request - gameId: 0bcfe147-2487-4f0e-87ed-4ef7193f7625, letter: B
2025-12-24T01:20:50.681+01:00  INFO 3680 --- [hangman-service] [http-nio-8080-exec-5] com.hangman.service.HangmanService       : Processing guess for game 0bcfe147-2487-4f0e-87ed-4ef7193f7625: B
2025-12-24T01:20:50.682+01:00  INFO 3680 --- [hangman-service] [http-nio-8080-exec-5] com.hangman.service.HangmanService       : Guess result for game 0bcfe147-2487-4f0e-87ed-4ef7193f7625: correct=true, gameOver=false, message=Correct guess!
2025-12-24T01:20:50.956+01:00  INFO 3680 --- [hangman-service] [http-nio-8080-exec-6] c.hangman.controller.HangmanController   : Received guess request - gameId: 0bcfe147-2487-4f0e-87ed-4ef7193f7625, letter: D
2025-12-24T01:20:50.957+01:00  INFO 3680 --- [hangman-service] [http-nio-8080-exec-6] com.hangman.service.HangmanService       : Processing guess for game 0bcfe147-2487-4f0e-87ed-4ef7193f7625: D
2025-12-24T01:20:50.958+01:00  INFO 3680 --- [hangman-service] [http-nio-8080-exec-6] com.hangman.service.HangmanService       : Guess result for game 0bcfe147-2487-4f0e-87ed-4ef7193f7625: correct=false, gameOver=false, message=Wrong guess. Try again!
2025-12-24T01:20:51.460+01:00  INFO 3680 --- [hangman-service] [http-nio-8080-exec-7] c.hangman.controller.HangmanController   : Received guess request - gameId: 0bcfe147-2487-4f0e-87ed-4ef7193f7625, letter: N
2025-12-24T01:20:51.460+01:00  INFO 3680 --- [hangman-service] [http-nio-8080-exec-7] com.hangman.service.HangmanService       : Processing guess for game 0bcfe147-2487-4f0e-87ed-4ef7193f7625: N
2025-12-24T01:20:51.461+01:00  INFO 3680 --- [hangman-service] [http-nio-8080-exec-7] com.hangman.service.HangmanService       : Guess result for game 0bcfe147-2487-4f0e-87ed-4ef7193f7625: correct=false, gameOver=false, message=Wrong guess. Try again!
2025-12-24T01:20:51.720+01:00  INFO 3680 --- [hangman-service] [http-nio-8080-exec-8] c.hangman.controller.HangmanController   : Received guess request - gameId: 0bcfe147-2487-4f0e-87ed-4ef7193f7625, letter: O
2025-12-24T01:20:51.721+01:00  INFO 3680 --- [hangman-service] [http-nio-8080-exec-8] com.hangman.service.HangmanService       : Processing guess for game 0bcfe147-2487-4f0e-87ed-4ef7193f7625: O
2025-12-24T01:20:51.722+01:00  INFO 3680 --- [hangman-service] [http-nio-8080-exec-8] com.hangman.service.HangmanService       : Guess result for game 0bcfe147-2487-4f0e-87ed-4ef7193f7625: correct=false, gameOver=false, message=Wrong guess. Try again!
2025-12-24T01:20:52.002+01:00  INFO 3680 --- [hangman-service] [http-nio-8080-exec-9] c.hangman.controller.HangmanController   : Received guess request - gameId: 0bcfe147-2487-4f0e-87ed-4ef7193f7625, letter: E
2025-12-24T01:20:52.002+01:00  INFO 3680 --- [hangman-service] [http-nio-8080-exec-9] com.hangman.service.HangmanService       : Processing guess for game 0bcfe147-2487-4f0e-87ed-4ef7193f7625: E
2025-12-24T01:20:52.004+01:00  INFO 3680 --- [hangman-service] [http-nio-8080-exec-9] com.hangman.service.HangmanService       : Guess result for game 0bcfe147-2487-4f0e-87ed-4ef7193f7625: correct=true, gameOver=false, message=Correct guess!
2025-12-24T01:20:52.289+01:00  INFO 3680 --- [hangman-service] [http-nio-8080-exec-10] c.hangman.controller.HangmanController   : Received guess request - gameId: 0bcfe147-2487-4f0e-87ed-4ef7193f7625, letter: F
2025-12-24T01:20:52.290+01:00  INFO 3680 --- [hangman-service] [http-nio-8080-exec-10] com.hangman.service.HangmanService       : Processing guess for game 0bcfe147-2487-4f0e-87ed-4ef7193f7625: F
2025-12-24T01:20:52.292+01:00  INFO 3680 --- [hangman-service] [http-nio-8080-exec-10] com.hangman.service.HangmanService       : Guess result for game 0bcfe147-2487-4f0e-87ed-4ef7193f7625: correct=false, gameOver=false, message=Wrong guess. Try again!
2025-12-24T01:20:52.510+01:00  INFO 3680 --- [hangman-service] [http-nio-8080-exec-1] c.hangman.controller.HangmanController   : Received guess request - gameId: 0bcfe147-2487-4f0e-87ed-4ef7193f7625, letter: P
2025-12-24T01:20:52.510+01:00  INFO 3680 --- [hangman-service] [http-nio-8080-exec-1] com.hangman.service.HangmanService       : Processing guess for game 0bcfe147-2487-4f0e-87ed-4ef7193f7625: P
2025-12-24T01:20:52.511+01:00  INFO 3680 --- [hangman-service] [http-nio-8080-exec-1] com.hangman.service.HangmanService       : Guess result for game 0bcfe147-2487-4f0e-87ed-4ef7193f7625: correct=true, gameOver=false, message=Correct guess!
2025-12-24T01:20:52.894+01:00  INFO 3680 --- [hangman-service] [http-nio-8080-exec-2] c.hangman.controller.HangmanController   : Received guess request - gameId: 0bcfe147-2487-4f0e-87ed-4ef7193f7625, letter: U
2025-12-24T01:20:52.895+01:00  INFO 3680 --- [hangman-service] [http-nio-8080-exec-2] com.hangman.service.HangmanService       : Processing guess for game 0bcfe147-2487-4f0e-87ed-4ef7193f7625: U
2025-12-24T01:20:52.896+01:00  INFO 3680 --- [hangman-service] [http-nio-8080-exec-2] com.hangman.service.HangmanService       : Guess result for game 0bcfe147-2487-4f0e-87ed-4ef7193f7625: correct=false, gameOver=true, message=Game over! You lost!
2025-12-24T01:20:56.857+01:00  INFO 3680 --- [hangman-service] [http-nio-8080-exec-3] com.hangman.service.HangmanService       : Starting new Hangman game with max attempts: 15
2025-12-24T01:20:56.859+01:00  INFO 3680 --- [hangman-service] [http-nio-8080-exec-3] com.hangman.service.HangmanService       : Game created with ID: bcd04c42-9460-4d9d-882a-db724a20a91f, Word: PROJEKT, Max Attempts: 15
